<?xml version="1.0" encoding="UTF-8"?>
<testsuite xmlns:xsi="http://www.w3.org/2001/XMLSchema-instance" xsi:noNamespaceSchemaLocation="https://maven.apache.org/surefire/maven-surefire-plugin/xsd/surefire-test-report-3.0.xsd" version="3.0" name="HW3_Belyankina.BelyankinaTest" time="90.413" tests="5" errors="0" skipped="0" failures="0">
  <properties>
[...]
</properties>
  <testcase name="createBugTest" classname="HW3_Belyankina.BelyankinaTest" time="49.298">
    <system-err><![CDATA[SLF4J(W): No SLF4J providers were found.
SLF4J(W): Defaulting to no-operation (NOP) logger implementation
SLF4J(W): See https://www.slf4j.org/codes.html#noProviders for further details.
окт. 15, 2025 3:04:45 AM org.openqa.selenium.devtools.CdpVersionFinder findNearestMatch
WARNING: Unable to find an exact match for CDP version 141, returning the closest version; found: 139; Please update to a Selenium version that supports CDP version 141
]]></system-err>
  </testcase>
  <testcase name="authorizationTest" classname="HW3_Belyankina.BelyankinaTest" time="4.094">
    <system-err><![CDATA[окт. 15, 2025 3:05:35 AM org.openqa.selenium.devtools.CdpVersionFinder findNearestMatch
WARNING: Unable to find an exact match for CDP version 141, returning the closest version; found: 139; Please update to a Selenium version that supports CDP version 141
]]></system-err>
  </testcase>
  <testcase name="openProjectTest" classname="HW3_Belyankina.BelyankinaTest" time="7.34">
    <system-err><![CDATA[окт. 15, 2025 3:05:39 AM org.openqa.selenium.devtools.CdpVersionFinder findNearestMatch
WARNING: Unable to find an exact match for CDP version 141, returning the closest version; found: 139; Please update to a Selenium version that supports CDP version 141
]]></system-err>
  </testcase>
  <testcase name="issueCountTest" classname="HW3_Belyankina.BelyankinaTest" time="12.872">
    <system-err><![CDATA[окт. 15, 2025 3:05:46 AM org.openqa.selenium.devtools.CdpVersionFinder findNearestMatch
WARNING: Unable to find an exact match for CDP version 141, returning the closest version; found: 139; Please update to a Selenium version that supports CDP version 141
]]></system-err>
  </testcase>
  <testcase name="checkTaskTest" classname="HW3_Belyankina.BelyankinaTest" time="15.518">
    <system-err><![CDATA[окт. 15, 2025 3:05:59 AM org.openqa.selenium.devtools.CdpVersionFinder findNearestMatch
WARNING: Unable to find an exact match for CDP version 141, returning the closest version; found: 139; Please update to a Selenium version that supports CDP version 141
]]></system-err>
  </testcase>
</testsuite>